# JRE version: OpenJDK Runtime Environment (11.0.8+10) (build 11.0.8+10-b944.6842174)
# Java VM: OpenJDK 64-Bit Server VM (11.0.8+10-b944.6842174, mixed mode, tiered, compressed oops, g1 gc, windows-amd64)
Heap:
 garbage-first heap   total 732160K, used 334941K [0x0000000080000000, 0x0000000100000000)
  region size 1024K, 8 young (8192K), 8 survivors (8192K)
 Metaspace       used 96774K, capacity 99276K, committed 99364K, reserved 1136640K
  class space    used 12303K, capacity 13254K, committed 13312K, reserved 1048576K
GC Heap History (20 events):
Event: 66.750 GC heap after
{Heap after GC invocations=73 (full 0):
 garbage-first heap   total 256000K, used 173893K [0x0000000080000000, 0x0000000100000000)
  region size 1024K, 8 young (8192K), 8 survivors (8192K)
 Metaspace       used 95976K, capacity 98496K, committed 98852K, reserved 1134592K
  class space    used 12256K, capacity 13200K, committed 13312K, reserved 1048576K
}
Event: 66.790 GC heap before
{Heap before GC invocations=73 (full 0):
 garbage-first heap   total 256000K, used 179013K [0x0000000080000000, 0x0000000100000000)
  region size 1024K, 12 young (12288K), 8 survivors (8192K)
 Metaspace       used 95989K, capacity 98502K, committed 98852K, reserved 1134592K
  class space    used 12258K, capacity 13201K, committed 13312K, reserved 1048576K
}
Event: 66.824 GC heap after
{Heap after GC invocations=74 (full 0):
 garbage-first heap   total 256000K, used 165384K [0x0000000080000000, 0x0000000100000000)
  region size 1024K, 2 young (2048K), 2 survivors (2048K)
 Metaspace       used 95989K, capacity 98502K, committed 98852K, reserved 1134592K
  class space    used 12258K, capacity 13201K, committed 13312K, reserved 1048576K
}
Event: 67.221 GC heap before
{Heap before GC invocations=74 (full 0):
 garbage-first heap   total 256000K, used 207368K [0x0000000080000000, 0x0000000100000000)
  region size 1024K, 44 young (45056K), 2 survivors (2048K)
 Metaspace       used 96100K, capacity 98580K, committed 98852K, reserved 1134592K
  class space    used 12268K, capacity 13205K, committed 13312K, reserved 1048576K
}
Event: 67.280 GC heap after
{Heap after GC invocations=75 (full 0):
 garbage-first heap   total 315392K, used 178841K [0x0000000080000000, 0x0000000100000000)
  region size 1024K, 6 young (6144K), 6 survivors (6144K)
 Metaspace       used 96100K, capacity 98580K, committed 98852K, reserved 1134592K
  class space    used 12268K, capacity 13205K, committed 13312K, reserved 1048576K
}
Event: 68.510 GC heap before
{Heap before GC invocations=76 (full 0):
 garbage-first heap   total 315392K, used 234137K [0x0000000080000000, 0x0000000100000000)
  region size 1024K, 65 young (66560K), 6 survivors (6144K)
 Metaspace       used 96513K, capacity 99062K, committed 99364K, reserved 1136640K
  class space    used 12298K, capacity 13254K, committed 13312K, reserved 1048576K
}
Event: 68.599 GC heap after
{Heap after GC invocations=77 (full 0):
 garbage-first heap   total 315392K, used 193312K [0x0000000080000000, 0x0000000100000000)
  region size 1024K, 9 young (9216K), 9 survivors (9216K)
 Metaspace       used 96513K, capacity 99062K, committed 99364K, reserved 1136640K
  class space    used 12298K, capacity 13254K, committed 13312K, reserved 1048576K
}
Event: 68.626 GC heap before
{Heap before GC invocations=77 (full 0):
 garbage-first heap   total 315392K, used 199456K [0x0000000080000000, 0x0000000100000000)
  region size 1024K, 15 young (15360K), 9 survivors (9216K)
 Metaspace       used 96514K, capacity 99062K, committed 99364K, reserved 1136640K
  class space    used 12298K, capacity 13254K, committed 13312K, reserved 1048576K
}
Event: 68.664 GC heap after
{Heap after GC invocations=78 (full 0):
 garbage-first heap   total 315392K, used 185344K [0x0000000080000000, 0x0000000100000000)
  region size 1024K, 2 young (2048K), 2 survivors (2048K)
 Metaspace       used 96514K, capacity 99062K, committed 99364K, reserved 1136640K
  class space    used 12298K, capacity 13254K, committed 13312K, reserved 1048576K
}
Event: 69.063 GC heap before
{Heap before GC invocations=78 (full 0):
 garbage-first heap   total 315392K, used 240640K [0x0000000080000000, 0x0000000100000000)
  region size 1024K, 56 young (57344K), 2 survivors (2048K)
 Metaspace       used 96560K, capacity 99127K, committed 99364K, reserved 1136640K
  class space    used 12300K, capacity 13254K, committed 13312K, reserved 1048576K
}
Event: 69.106 GC heap after
{Heap after GC invocations=79 (full 0):
 garbage-first heap   total 315392K, used 211456K [0x0000000080000000, 0x0000000100000000)
  region size 1024K, 7 young (7168K), 7 survivors (7168K)
 Metaspace       used 96560K, capacity 99127K, committed 99364K, reserved 1136640K
  class space    used 12300K, capacity 13254K, committed 13312K, reserved 1048576K
}
Event: 69.431 GC heap before
{Heap before GC invocations=79 (full 0):
 garbage-first heap   total 315392K, used 248320K [0x0000000080000000, 0x0000000100000000)
  region size 1024K, 43 young (44032K), 7 survivors (7168K)
 Metaspace       used 96562K, capacity 99127K, committed 99364K, reserved 1136640K
  class space    used 12300K, capacity 13254K, committed 13312K, reserved 1048576K
}
Event: 69.487 GC heap after
{Heap after GC invocations=80 (full 0):
 garbage-first heap   total 532480K, used 227840K [0x0000000080000000, 0x0000000100000000)
  region size 1024K, 6 young (6144K), 6 survivors (6144K)
 Metaspace       used 96562K, capacity 99127K, committed 99364K, reserved 1136640K
  class space    used 12300K, capacity 13254K, committed 13312K, reserved 1048576K
}
Event: 73.076 GC heap before
{Heap before GC invocations=81 (full 0):
 garbage-first heap   total 532480K, used 334336K [0x0000000080000000, 0x0000000100000000)
  region size 1024K, 112 young (114688K), 6 survivors (6144K)
 Metaspace       used 96709K, capacity 99263K, committed 99364K, reserved 1136640K
  class space    used 12303K, capacity 13254K, committed 13312K, reserved 1048576K
}
Event: 73.204 GC heap after
{Heap after GC invocations=82 (full 0):
 garbage-first heap   total 532480K, used 262656K [0x0000000080000000, 0x0000000100000000)
  region size 1024K, 14 young (14336K), 14 survivors (14336K)
 Metaspace       used 96709K, capacity 99263K, committed 99364K, reserved 1136640K
  class space    used 12303K, capacity 13254K, committed 13312K, reserved 1048576K
}
Event: 75.140 GC heap before
{Heap before GC invocations=82 (full 0):
 garbage-first heap   total 532480K, used 372224K [0x0000000080000000, 0x0000000100000000)
  region size 1024K, 110 young (112640K), 14 survivors (14336K)
 Metaspace       used 96738K, capacity 99264K, committed 99364K, reserved 1136640K
  class space    used 12303K, capacity 13254K, committed 13312K, reserved 1048576K
}
Event: 75.209 GC heap after
{Heap after GC invocations=83 (full 0):
 garbage-first heap   total 532480K, used 283648K [0x0000000080000000, 0x0000000100000000)
  region size 1024K, 12 young (12288K), 12 survivors (12288K)
 Metaspace       used 96738K, capacity 99264K, committed 99364K, reserved 1136640K
  class space    used 12303K, capacity 13254K, committed 13312K, reserved 1048576K
}
Event: 76.812 GC heap before
{Heap before GC invocations=83 (full 0):
 garbage-first heap   total 532480K, used 395264K [0x0000000080000000, 0x0000000100000000)
  region size 1024K, 108 young (110592K), 12 survivors (12288K)
 Metaspace       used 96753K, capacity 99274K, committed 99364K, reserved 1136640K
  class space    used 12303K, capacity 13254K, committed 13312K, reserved 1048576K
}
Event: 76.867 GC heap after
{Heap after GC invocations=84 (full 0):
 garbage-first heap   total 532480K, used 311296K [0x0000000080000000, 0x0000000100000000)
  region size 1024K, 14 young (14336K), 14 survivors (14336K)
 Metaspace       used 96753K, capacity 99274K, committed 99364K, reserved 1136640K
  class space    used 12303K, capacity 13254K, committed 13312K, reserved 1048576K
}
Event: 77.572 GC heap before
{Heap before GC invocations=84 (full 0):
 garbage-first heap   total 532480K, used 421888K [0x0000000080000000, 0x0000000100000000)
  region size 1024K, 106 young (108544K), 14 survivors (14336K)
 Metaspace       used 96774K, capacity 99276K, committed 99364K, reserved 1136640K
  class space    used 12303K, capacity 13254K, committed 13312K, reserved 1048576K
}

